<?xml version="1.0" encoding="UTF-8"?>
<!-- Generated by org.testng.reporters.JUnitXMLReporter -->
<testsuite ignored="0" hostname="ITCRLPT599" failures="1" tests="1" name="Test" time="16.982" errors="0" timestamp="2022-07-04T11:21:00 IST">
  <testcase classname="com.Checkedin.testcases.Tc_LoginTestcase_001" name="loginTest" time="12.255">
    <failure type="java.lang.AssertionError" message="expected [true] but found [false]">
      <![CDATA[java.lang.AssertionError: expected [true] but found [false]
at com.Checkedin.testcases.Tc_LoginTestcase_001.loginTest(Tc_LoginTestcase_001.java:58)
at java.base/java.util.ArrayList.forEach(ArrayList.java:1511)
... Removed 31 stack frames]]>
    </failure>
  </testcase> <!-- loginTest -->
</testsuite> <!-- Test -->
